app/build/intermediates/manifest_merge_blame_file/regularDebug/manifest-merger-blame-regular-debug-report.txt
1<?xml version="1.0" encoding="utf-8"?>
2<manifest xmlns:android="http://schemas.android.com/apk/res/android"
3    package="com.tananaev.passportreader"
4    android:versionCode="20"
5    android:versionName="3.1" >
6
7    <uses-sdk
8        android:minSdkVersion="19"
9        android:targetSdkVersion="34" />
10
11    <uses-permission android:name="android.permission.NFC" />
11-->src/main/AndroidManifest.xml:4:5-62
11-->src/main/AndroidManifest.xml:4:22-59
12
13    <uses-feature
13-->src/main/AndroidManifest.xml:5:5-81
14        android:name="android.hardware.nfc"
14-->src/main/AndroidManifest.xml:5:19-54
15        android:required="true" />
15-->src/main/AndroidManifest.xml:5:55-78
16
17    <uses-permission android:name="android.permission.VIBRATE" />
17-->[com.wdullaer:materialdatetimepicker:3.5.2] AndroidManifest.xml:26:5-66
17-->[com.wdullaer:materialdatetimepicker:3.5.2] AndroidManifest.xml:26:22-63
18
19    <permission
19-->[androidx.core:core:1.12.0] AndroidManifest.xml:22:5-24:47
20        android:name="com.tananaev.passportreader.DYNAMIC_RECEIVER_NOT_EXPORTED_PERMISSION"
20-->[androidx.core:core:1.12.0] AndroidManifest.xml:23:9-81
21        android:protectionLevel="signature" />
21-->[androidx.core:core:1.12.0] AndroidManifest.xml:24:9-44
22
23    <uses-permission android:name="com.tananaev.passportreader.DYNAMIC_RECEIVER_NOT_EXPORTED_PERMISSION" />
23-->[androidx.core:core:1.12.0] AndroidManifest.xml:26:5-97
23-->[androidx.core:core:1.12.0] AndroidManifest.xml:26:22-94
24
25    <application
25-->src/main/AndroidManifest.xml:7:5-24:19
26        android:name="com.tananaev.passportreader.MainApplication"
26-->src/main/AndroidManifest.xml:11:9-40
27        android:allowBackup="true"
27-->src/main/AndroidManifest.xml:8:9-35
28        android:appComponentFactory="androidx.core.app.CoreComponentFactory"
28-->[androidx.core:core:1.12.0] AndroidManifest.xml:28:18-86
29        android:debuggable="true"
30        android:extractNativeLibs="true"
31        android:icon="@mipmap/ic_launcher"
31-->src/main/AndroidManifest.xml:9:9-43
32        android:label="@string/app_name"
32-->src/main/AndroidManifest.xml:10:9-41
33        android:supportsRtl="true"
33-->src/main/AndroidManifest.xml:12:9-35
34        android:testOnly="true"
35        android:theme="@style/AppTheme" >
35-->src/main/AndroidManifest.xml:13:9-40
36        <activity
36-->src/regular/AndroidManifest.xml:5:9-20:20
37            android:name="com.tananaev.passportreader.RegularActivity"
37-->src/regular/AndroidManifest.xml:6:13-44
38            android:exported="true"
38-->src/regular/AndroidManifest.xml:8:13-36
39            android:screenOrientation="fullSensor" >
39-->src/regular/AndroidManifest.xml:7:13-51
40            <intent-filter>
40-->src/regular/AndroidManifest.xml:10:13-13:29
41                <action android:name="android.intent.action.MAIN" />
41-->src/regular/AndroidManifest.xml:11:17-69
41-->src/regular/AndroidManifest.xml:11:25-66
42
43                <category android:name="android.intent.category.LAUNCHER" />
43-->src/regular/AndroidManifest.xml:12:17-77
43-->src/regular/AndroidManifest.xml:12:27-74
44            </intent-filter>
45            <intent-filter>
45-->src/regular/AndroidManifest.xml:15:13-18:29
46                <action android:name="com.tananaev.passportreader.REQUEST" />
46-->src/regular/AndroidManifest.xml:16:17-78
46-->src/regular/AndroidManifest.xml:16:25-75
47
48                <category android:name="android.intent.category.DEFAULT" />
48-->src/regular/AndroidManifest.xml:17:17-76
48-->src/regular/AndroidManifest.xml:17:27-73
49            </intent-filter>
50        </activity>
51
52        <meta-data
52-->src/main/AndroidManifest.xml:15:9-17:69
53            android:name="com.google.android.gms.ads.APPLICATION_ID"
53-->src/main/AndroidManifest.xml:16:13-69
54            android:value="ca-app-pub-9061647223840223~3001602354" />
54-->src/main/AndroidManifest.xml:17:13-67
55
56        <activity
56-->src/main/AndroidManifest.xml:19:9-22:54
57            android:name="com.tananaev.passportreader.ResultActivity"
57-->src/main/AndroidManifest.xml:21:13-43
58            android:exported="true"
58-->src/main/AndroidManifest.xml:20:13-36
59            android:screenOrientation="fullSensor" />
59-->src/main/AndroidManifest.xml:22:13-51
60
61        <provider
61-->[androidx.emoji2:emoji2:1.2.0] AndroidManifest.xml:24:9-32:20
62            android:name="androidx.startup.InitializationProvider"
62-->[androidx.emoji2:emoji2:1.2.0] AndroidManifest.xml:25:13-67
63            android:authorities="com.tananaev.passportreader.androidx-startup"
63-->[androidx.emoji2:emoji2:1.2.0] AndroidManifest.xml:26:13-68
64            android:exported="false" >
64-->[androidx.emoji2:emoji2:1.2.0] AndroidManifest.xml:27:13-37
65            <meta-data
65-->[androidx.emoji2:emoji2:1.2.0] AndroidManifest.xml:29:13-31:52
66                android:name="androidx.emoji2.text.EmojiCompatInitializer"
66-->[androidx.emoji2:emoji2:1.2.0] AndroidManifest.xml:30:17-75
67                android:value="androidx.startup" />
67-->[androidx.emoji2:emoji2:1.2.0] AndroidManifest.xml:31:17-49
68            <meta-data
68-->[androidx.lifecycle:lifecycle-process:2.6.1] AndroidManifest.xml:29:13-31:52
69                android:name="androidx.lifecycle.ProcessLifecycleInitializer"
69-->[androidx.lifecycle:lifecycle-process:2.6.1] AndroidManifest.xml:30:17-78
70                android:value="androidx.startup" />
70-->[androidx.lifecycle:lifecycle-process:2.6.1] AndroidManifest.xml:31:17-49
71            <meta-data
71-->[androidx.profileinstaller:profileinstaller:1.3.0] AndroidManifest.xml:29:13-31:52
72                android:name="androidx.profileinstaller.ProfileInstallerInitializer"
72-->[androidx.profileinstaller:profileinstaller:1.3.0] AndroidManifest.xml:30:17-85
73                android:value="androidx.startup" />
73-->[androidx.profileinstaller:profileinstaller:1.3.0] AndroidManifest.xml:31:17-49
74        </provider>
75
76        <receiver
76-->[androidx.profileinstaller:profileinstaller:1.3.0] AndroidManifest.xml:34:9-52:20
77            android:name="androidx.profileinstaller.ProfileInstallReceiver"
77-->[androidx.profileinstaller:profileinstaller:1.3.0] AndroidManifest.xml:35:13-76
78            android:directBootAware="false"
78-->[androidx.profileinstaller:profileinstaller:1.3.0] AndroidManifest.xml:36:13-44
79            android:enabled="true"
79-->[androidx.profileinstaller:profileinstaller:1.3.0] AndroidManifest.xml:37:13-35
80            android:exported="true"
80-->[androidx.profileinstaller:profileinstaller:1.3.0] AndroidManifest.xml:38:13-36
81            android:permission="android.permission.DUMP" >
81-->[androidx.profileinstaller:profileinstaller:1.3.0] AndroidManifest.xml:39:13-57
82            <intent-filter>
82-->[androidx.profileinstaller:profileinstaller:1.3.0] AndroidManifest.xml:40:13-42:29
83                <action android:name="androidx.profileinstaller.action.INSTALL_PROFILE" />
83-->[androidx.profileinstaller:profileinstaller:1.3.0] AndroidManifest.xml:41:17-91
83-->[androidx.profileinstaller:profileinstaller:1.3.0] AndroidManifest.xml:41:25-88
84            </intent-filter>
85            <intent-filter>
85-->[androidx.profileinstaller:profileinstaller:1.3.0] AndroidManifest.xml:43:13-45:29
86                <action android:name="androidx.profileinstaller.action.SKIP_FILE" />
86-->[androidx.profileinstaller:profileinstaller:1.3.0] AndroidManifest.xml:44:17-85
86-->[androidx.profileinstaller:profileinstaller:1.3.0] AndroidManifest.xml:44:25-82
87            </intent-filter>
88            <intent-filter>
88-->[androidx.profileinstaller:profileinstaller:1.3.0] AndroidManifest.xml:46:13-48:29
89                <action android:name="androidx.profileinstaller.action.SAVE_PROFILE" />
89-->[androidx.profileinstaller:profileinstaller:1.3.0] AndroidManifest.xml:47:17-88
89-->[androidx.profileinstaller:profileinstaller:1.3.0] AndroidManifest.xml:47:25-85
90            </intent-filter>
91            <intent-filter>
91-->[androidx.profileinstaller:profileinstaller:1.3.0] AndroidManifest.xml:49:13-51:29
92                <action android:name="androidx.profileinstaller.action.BENCHMARK_OPERATION" />
92-->[androidx.profileinstaller:profileinstaller:1.3.0] AndroidManifest.xml:50:17-95
92-->[androidx.profileinstaller:profileinstaller:1.3.0] AndroidManifest.xml:50:25-92
93            </intent-filter>
94        </receiver>
95    </application>
96
97</manifest>